Flutter crash report; please file at https://github.com/flutter/flutter/issues.

## command

flutter build apk --release

## exception

FileSystemException: FileSystemException: Cannot copy file to 'C:\Dev\flutter\apps\bible_app\build\app\outputs\apk\app.apk', path = 'C:\Dev\flutter\apps\bible_app\build\app\outputs\apk\release\app-release.apk' (OS Error: The requested operation cannot be performed on a file with a user-mapped section open.
, errno = 1224)

```
#0      _File.throwIfError (dart:io/file_impl.dart:647)
#1      _File.copySync (dart:io/file_impl.dart:352)
#2      LocalFileSystemEntity&ForwardingFile.copySync (package:file/src/forwarding/forwarding_file.dart:29)
#3      _buildGradleProjectV2 (package:flutter_tools/src/android/gradle.dart:410)
<asynchronous suspension>
#4      buildGradleProject (package:flutter_tools/src/android/gradle.dart:318)
<asynchronous suspension>
#5      buildApk (package:flutter_tools/src/android/apk.dart:36)
<asynchronous suspension>
#6      BuildApkCommand.runCommand (package:flutter_tools/src/commands/build_apk.dart:47)
<asynchronous suspension>
#7      FlutterCommand.verifyThenRunCommand (package:flutter_tools/src/runner/flutter_command.dart:344)
<asynchronous suspension>
#8      FlutterCommand.run.<anonymous closure> (package:flutter_tools/src/runner/flutter_command.dart:279)
<asynchronous suspension>
#9      AppContext.run.<anonymous closure> (package:flutter_tools/src/base/context.dart:142)
<asynchronous suspension>
#10     _rootRun (dart:async/zone.dart:1126)
#11     _CustomZone.run (dart:async/zone.dart:1023)
#12     runZoned (dart:async/zone.dart:1501)
#13     AppContext.run (package:flutter_tools/src/base/context.dart:141)
<asynchronous suspension>
#14     FlutterCommand.run (package:flutter_tools/src/runner/flutter_command.dart:270)
#15     CommandRunner.runCommand (package:args/command_runner.dart:194)
<asynchronous suspension>
#16     FlutterCommandRunner.runCommand.<anonymous closure> (package:flutter_tools/src/runner/flutter_command_runner.dart:309)
<asynchronous suspension>
#17     AppContext.run.<anonymous closure> (package:flutter_tools/src/base/context.dart:142)
<asynchronous suspension>
#18     _rootRun (dart:async/zone.dart:1126)
#19     _CustomZone.run (dart:async/zone.dart:1023)
#20     runZoned (dart:async/zone.dart:1501)
#21     AppContext.run (package:flutter_tools/src/base/context.dart:141)
<asynchronous suspension>
#22     FlutterCommandRunner.runCommand (package:flutter_tools/src/runner/flutter_command_runner.dart:265)
<asynchronous suspension>
#23     CommandRunner.run.<anonymous closure> (package:args/command_runner.dart:109)
#24     new Future.sync (dart:async/future.dart:222)
#25     CommandRunner.run (package:args/command_runner.dart:109)
#26     FlutterCommandRunner.run (package:flutter_tools/src/runner/flutter_command_runner.dart:174)
#27     run.<anonymous closure> (package:flutter_tools/runner.dart:59)
<asynchronous suspension>
#28     AppContext.run.<anonymous closure> (package:flutter_tools/src/base/context.dart:142)
<asynchronous suspension>
#29     _rootRun (dart:async/zone.dart:1126)
#30     _CustomZone.run (dart:async/zone.dart:1023)
#31     runZoned (dart:async/zone.dart:1501)
#32     AppContext.run (package:flutter_tools/src/base/context.dart:141)
<asynchronous suspension>
#33     runInContext (package:flutter_tools/src/context_runner.dart:43)
<asynchronous suspension>
#34     run (package:flutter_tools/runner.dart:50)
#35     main (package:flutter_tools/executable.dart:49)
<asynchronous suspension>
#36     main (file:///C:/Dev/flutter/flutterInstall/flutter/packages/flutter_tools/bin/flutter_tools.dart:8)
#37     _startIsolate.<anonymous closure> (dart:isolate-patch/dart:isolate/isolate_patch.dart:277)
#38     _RawReceivePortImpl._handleMessage (dart:isolate-patch/dart:isolate/isolate_patch.dart:165)
```

## flutter doctor

```
[✓] Flutter (Channel beta, v0.5.1, on Microsoft Windows [Version 10.0.17134.112], locale en-US)
    • Flutter version 0.5.1 at C:\Dev\flutter\flutterInstall\flutter
    • Framework revision c7ea3ca377 (5 weeks ago), 2018-05-29 21:07:33 +0200
    • Engine revision 1ed25ca7b7
    • Dart version 2.0.0-dev.58.0.flutter-f981f09760

[✓] Android toolchain - develop for Android devices (Android SDK 27.0.3)
    • Android SDK at C:\Users\david.anderson\AppData\Local\Android\sdk
    • Android NDK location not configured (optional; useful for native profiling support)
    • Platform android-27, build-tools 27.0.3
    • Java binary at: C:\Program Files\Android\Android Studio\jre\bin\java
    • Java version OpenJDK Runtime Environment (build 1.8.0_152-release-915-b01)
    • All Android licenses accepted.

[✓] Android Studio (version 3.0)
    • Android Studio at C:\Program Files\Android\Android Studio
    ✗ Flutter plugin not installed; this adds Flutter specific functionality.
    ✗ Dart plugin not installed; this adds Dart specific functionality.
    • Java version OpenJDK Runtime Environment (build 1.8.0_152-release-915-b01)

[✓] VS Code, 64-bit edition (version 1.24.1)
    • VS Code at C:\Program Files\Microsoft VS Code
    • Flutter extension version 2.14.0

[✓] Connected devices (1 available)
    • Android SDK built for x86 • emulator-5554 • android-x86 • Android 8.0.0 (API 26) (emulator)

• No issues found!
```
